{"C:\\Users\\AndreaFiorucci\\Documents\\Progetti\\Fjordo\\party-song-guess\\app\\server\\index.js": {"path":"C:\\Users\\AndreaFiorucci\\Documents\\Progetti\\Fjordo\\party-song-guess\\app\\server\\index.js","statementMap":{"0":{"start":{"line":1,"column":0},"end":{"line":1,"column":27}},"1":{"start":{"line":2,"column":16},"end":{"line":2,"column":34}},"2":{"start":{"line":3,"column":13},"end":{"line":3,"column":28}},"3":{"start":{"line":4,"column":19},"end":{"line":4,"column":39}},"4":{"start":{"line":5,"column":13},"end":{"line":5,"column":28}},"5":{"start":{"line":6,"column":21},"end":{"line":6,"column":55}},"6":{"start":{"line":7,"column":18},"end":{"line":7,"column":49}},"7":{"start":{"line":8,"column":24},"end":{"line":8,"column":54}},"8":{"start":{"line":10,"column":12},"end":{"line":10,"column":21}},"9":{"start":{"line":11,"column":0},"end":{"line":11,"column":16}},"10":{"start":{"line":13,"column":15},"end":{"line":13,"column":37}},"11":{"start":{"line":14,"column":11},"end":{"line":19,"column":2}},"12":{"start":{"line":21,"column":13},"end":{"line":21,"column":37}},"13":{"start":{"line":24,"column":14},"end":{"line":24,"column":16}},"14":{"start":{"line":26,"column":0},"end":{"line":171,"column":3}},"15":{"start":{"line":27,"column":4},"end":{"line":27,"column":46}},"16":{"start":{"line":29,"column":4},"end":{"line":47,"column":7}},"17":{"start":{"line":30,"column":23},"end":{"line":30,"column":79}},"18":{"start":{"line":33,"column":21},"end":{"line":33,"column":23}},"19":{"start":{"line":35,"column":8},"end":{"line":43,"column":10}},"20":{"start":{"line":44,"column":8},"end":{"line":44,"column":28}},"21":{"start":{"line":45,"column":8},"end":{"line":45,"column":51}},"22":{"start":{"line":46,"column":8},"end":{"line":46,"column":63}},"23":{"start":{"line":49,"column":4},"end":{"line":59,"column":7}},"24":{"start":{"line":50,"column":8},"end":{"line":58,"column":9}},"25":{"start":{"line":51,"column":12},"end":{"line":51,"column":86}},"26":{"start":{"line":52,"column":12},"end":{"line":52,"column":32}},"27":{"start":{"line":53,"column":12},"end":{"line":53,"column":71}},"28":{"start":{"line":54,"column":12},"end":{"line":54,"column":54}},"29":{"start":{"line":55,"column":12},"end":{"line":55,"column":63}},"30":{"start":{"line":57,"column":12},"end":{"line":57,"column":72}},"31":{"start":{"line":61,"column":4},"end":{"line":136,"column":7}},"32":{"start":{"line":62,"column":21},"end":{"line":62,"column":34}},"33":{"start":{"line":63,"column":8},"end":{"line":63,"column":55}},"34":{"start":{"line":63,"column":48},"end":{"line":63,"column":55}},"35":{"start":{"line":66,"column":30},"end":{"line":66,"column":56}},"36":{"start":{"line":67,"column":8},"end":{"line":67,"column":55}},"37":{"start":{"line":67,"column":34},"end":{"line":67,"column":55}},"38":{"start":{"line":69,"column":8},"end":{"line":69,"column":31}},"39":{"start":{"line":70,"column":8},"end":{"line":70,"column":95}},"40":{"start":{"line":72,"column":8},"end":{"line":135,"column":9}},"41":{"start":{"line":74,"column":31},"end":{"line":74,"column":97}},"42":{"start":{"line":76,"column":12},"end":{"line":76,"column":107}},"43":{"start":{"line":79,"column":38},"end":{"line":85,"column":14}},"44":{"start":{"line":87,"column":12},"end":{"line":89,"column":13}},"45":{"start":{"line":88,"column":16},"end":{"line":88,"column":76}},"46":{"start":{"line":93,"column":35},"end":{"line":95,"column":13}},"47":{"start":{"line":94,"column":16},"end":{"line":94,"column":73}},"48":{"start":{"line":97,"column":28},"end":{"line":97,"column":61}},"49":{"start":{"line":101,"column":31},"end":{"line":101,"column":68}},"50":{"start":{"line":101,"column":54},"end":{"line":101,"column":67}},"51":{"start":{"line":104,"column":34},"end":{"line":104,"column":76}},"52":{"start":{"line":104,"column":56},"end":{"line":104,"column":75}},"53":{"start":{"line":107,"column":34},"end":{"line":107,"column":73}},"54":{"start":{"line":109,"column":12},"end":{"line":111,"column":13}},"55":{"start":{"line":110,"column":16},"end":{"line":110,"column":103}},"56":{"start":{"line":114,"column":12},"end":{"line":114,"column":39}},"57":{"start":{"line":115,"column":12},"end":{"line":115,"column":52}},"58":{"start":{"line":116,"column":12},"end":{"line":116,"column":34}},"59":{"start":{"line":117,"column":12},"end":{"line":117,"column":35}},"60":{"start":{"line":119,"column":12},"end":{"line":119,"column":94}},"61":{"start":{"line":122,"column":12},"end":{"line":122,"column":82}},"62":{"start":{"line":125,"column":12},"end":{"line":125,"column":55}},"63":{"start":{"line":125,"column":29},"end":{"line":125,"column":47}},"64":{"start":{"line":128,"column":12},"end":{"line":128,"column":76}},"65":{"start":{"line":130,"column":12},"end":{"line":130,"column":33}},"66":{"start":{"line":131,"column":12},"end":{"line":134,"column":15}},"67":{"start":{"line":139,"column":4},"end":{"line":165,"column":7}},"68":{"start":{"line":140,"column":21},"end":{"line":140,"column":34}},"69":{"start":{"line":141,"column":8},"end":{"line":141,"column":75}},"70":{"start":{"line":141,"column":68},"end":{"line":141,"column":75}},"71":{"start":{"line":143,"column":8},"end":{"line":164,"column":9}},"72":{"start":{"line":144,"column":12},"end":{"line":144,"column":37}},"73":{"start":{"line":146,"column":27},"end":{"line":146,"column":69}},"74":{"start":{"line":146,"column":50},"end":{"line":146,"column":68}},"75":{"start":{"line":147,"column":12},"end":{"line":161,"column":13}},"76":{"start":{"line":148,"column":16},"end":{"line":148,"column":34}},"77":{"start":{"line":149,"column":16},"end":{"line":149,"column":66}},"78":{"start":{"line":150,"column":16},"end":{"line":150,"column":100}},"79":{"start":{"line":154,"column":16},"end":{"line":160,"column":25}},"80":{"start":{"line":155,"column":20},"end":{"line":159,"column":21}},"81":{"start":{"line":156,"column":24},"end":{"line":156,"column":43}},"82":{"start":{"line":158,"column":24},"end":{"line":158,"column":40}},"83":{"start":{"line":163,"column":12},"end":{"line":163,"column":39}},"84":{"start":{"line":167,"column":4},"end":{"line":170,"column":7}},"85":{"start":{"line":168,"column":8},"end":{"line":168,"column":53}},"86":{"start":{"line":174,"column":17},"end":{"line":174,"column":30}},"87":{"start":{"line":175,"column":4},"end":{"line":178,"column":5}},"88":{"start":{"line":176,"column":8},"end":{"line":176,"column":24}},"89":{"start":{"line":177,"column":8},"end":{"line":177,"column":15}},"90":{"start":{"line":181,"column":4},"end":{"line":181,"column":59}},"91":{"start":{"line":183,"column":4},"end":{"line":204,"column":13}},"92":{"start":{"line":184,"column":21},"end":{"line":184,"column":50}},"93":{"start":{"line":185,"column":8},"end":{"line":185,"column":32}},"94":{"start":{"line":186,"column":8},"end":{"line":186,"column":32}},"95":{"start":{"line":187,"column":8},"end":{"line":187,"column":28}},"96":{"start":{"line":189,"column":8},"end":{"line":192,"column":11}},"97":{"start":{"line":195,"column":8},"end":{"line":203,"column":18}},"98":{"start":{"line":196,"column":12},"end":{"line":202,"column":13}},"99":{"start":{"line":197,"column":16},"end":{"line":197,"column":41}},"100":{"start":{"line":198,"column":16},"end":{"line":198,"column":68}},"101":{"start":{"line":199,"column":16},"end":{"line":201,"column":25}},"102":{"start":{"line":200,"column":20},"end":{"line":200,"column":39}},"103":{"start":{"line":209,"column":4},"end":{"line":212,"column":5}},"104":{"start":{"line":210,"column":8},"end":{"line":210,"column":38}},"105":{"start":{"line":211,"column":8},"end":{"line":211,"column":63}},"106":{"start":{"line":217,"column":0},"end":{"line":219,"column":3}},"107":{"start":{"line":218,"column":4},"end":{"line":218,"column":50}}},"fnMap":{"0":{"name":"(anonymous_0)","decl":{"start":{"line":26,"column":20},"end":{"line":26,"column":21}},"loc":{"start":{"line":26,"column":32},"end":{"line":171,"column":1}},"line":26},"1":{"name":"(anonymous_1)","decl":{"start":{"line":29,"column":29},"end":{"line":29,"column":30}},"loc":{"start":{"line":29,"column":62},"end":{"line":47,"column":5}},"line":29},"2":{"name":"(anonymous_2)","decl":{"start":{"line":49,"column":27},"end":{"line":49,"column":28}},"loc":{"start":{"line":49,"column":55},"end":{"line":59,"column":5}},"line":49},"3":{"name":"(anonymous_3)","decl":{"start":{"line":61,"column":28},"end":{"line":61,"column":29}},"loc":{"start":{"line":61,"column":103},"end":{"line":136,"column":5}},"line":61},"4":{"name":"(anonymous_4)","decl":{"start":{"line":93,"column":57},"end":{"line":93,"column":58}},"loc":{"start":{"line":94,"column":16},"end":{"line":94,"column":73}},"line":94},"5":{"name":"(anonymous_5)","decl":{"start":{"line":101,"column":46},"end":{"line":101,"column":47}},"loc":{"start":{"line":101,"column":54},"end":{"line":101,"column":67}},"line":101},"6":{"name":"(anonymous_6)","decl":{"start":{"line":104,"column":50},"end":{"line":104,"column":51}},"loc":{"start":{"line":104,"column":56},"end":{"line":104,"column":75}},"line":104},"7":{"name":"(anonymous_7)","decl":{"start":{"line":125,"column":23},"end":{"line":125,"column":24}},"loc":{"start":{"line":125,"column":29},"end":{"line":125,"column":47}},"line":125},"8":{"name":"(anonymous_8)","decl":{"start":{"line":139,"column":30},"end":{"line":139,"column":31}},"loc":{"start":{"line":139,"column":53},"end":{"line":165,"column":5}},"line":139},"9":{"name":"(anonymous_9)","decl":{"start":{"line":146,"column":45},"end":{"line":146,"column":46}},"loc":{"start":{"line":146,"column":50},"end":{"line":146,"column":68}},"line":146},"10":{"name":"(anonymous_10)","decl":{"start":{"line":154,"column":27},"end":{"line":154,"column":28}},"loc":{"start":{"line":154,"column":33},"end":{"line":160,"column":17}},"line":154},"11":{"name":"(anonymous_11)","decl":{"start":{"line":167,"column":28},"end":{"line":167,"column":29}},"loc":{"start":{"line":167,"column":34},"end":{"line":170,"column":5}},"line":167},"12":{"name":"startRound","decl":{"start":{"line":173,"column":9},"end":{"line":173,"column":19}},"loc":{"start":{"line":173,"column":28},"end":{"line":206,"column":1}},"line":173},"13":{"name":"(anonymous_13)","decl":{"start":{"line":183,"column":15},"end":{"line":183,"column":16}},"loc":{"start":{"line":183,"column":21},"end":{"line":204,"column":5}},"line":183},"14":{"name":"(anonymous_14)","decl":{"start":{"line":195,"column":19},"end":{"line":195,"column":20}},"loc":{"start":{"line":195,"column":25},"end":{"line":203,"column":9}},"line":195},"15":{"name":"(anonymous_15)","decl":{"start":{"line":199,"column":27},"end":{"line":199,"column":28}},"loc":{"start":{"line":199,"column":33},"end":{"line":201,"column":17}},"line":199},"16":{"name":"endGame","decl":{"start":{"line":208,"column":9},"end":{"line":208,"column":16}},"loc":{"start":{"line":208,"column":25},"end":{"line":213,"column":1}},"line":208},"17":{"name":"(anonymous_17)","decl":{"start":{"line":217,"column":20},"end":{"line":217,"column":21}},"loc":{"start":{"line":217,"column":26},"end":{"line":219,"column":1}},"line":217}},"branchMap":{"0":{"loc":{"start":{"line":21,"column":13},"end":{"line":21,"column":37}},"type":"binary-expr","locations":[{"start":{"line":21,"column":13},"end":{"line":21,"column":29}},{"start":{"line":21,"column":33},"end":{"line":21,"column":37}}],"line":21},"1":{"loc":{"start":{"line":50,"column":8},"end":{"line":58,"column":9}},"type":"if","locations":[{"start":{"line":50,"column":8},"end":{"line":58,"column":9}},{"start":{"line":56,"column":15},"end":{"line":58,"column":9}}],"line":50},"2":{"loc":{"start":{"line":50,"column":12},"end":{"line":50,"column":60}},"type":"binary-expr","locations":[{"start":{"line":50,"column":12},"end":{"line":50,"column":25}},{"start":{"line":50,"column":29},"end":{"line":50,"column":60}}],"line":50},"3":{"loc":{"start":{"line":63,"column":8},"end":{"line":63,"column":55}},"type":"if","locations":[{"start":{"line":63,"column":8},"end":{"line":63,"column":55}},{"start":{},"end":{}}],"line":63},"4":{"loc":{"start":{"line":63,"column":12},"end":{"line":63,"column":46}},"type":"binary-expr","locations":[{"start":{"line":63,"column":12},"end":{"line":63,"column":17}},{"start":{"line":63,"column":21},"end":{"line":63,"column":46}}],"line":63},"5":{"loc":{"start":{"line":66,"column":30},"end":{"line":66,"column":56}},"type":"binary-expr","locations":[{"start":{"line":66,"column":30},"end":{"line":66,"column":50}},{"start":{"line":66,"column":54},"end":{"line":66,"column":56}}],"line":66},"6":{"loc":{"start":{"line":67,"column":8},"end":{"line":67,"column":55}},"type":"if","locations":[{"start":{"line":67,"column":8},"end":{"line":67,"column":55}},{"start":{},"end":{}}],"line":67},"7":{"loc":{"start":{"line":74,"column":31},"end":{"line":74,"column":97}},"type":"cond-expr","locations":[{"start":{"line":74,"column":72},"end":{"line":74,"column":78}},{"start":{"line":74,"column":81},"end":{"line":74,"column":97}}],"line":74},"8":{"loc":{"start":{"line":74,"column":31},"end":{"line":74,"column":69}},"type":"binary-expr","locations":[{"start":{"line":74,"column":31},"end":{"line":74,"column":52}},{"start":{"line":74,"column":56},"end":{"line":74,"column":69}}],"line":74},"9":{"loc":{"start":{"line":74,"column":82},"end":{"line":74,"column":96}},"type":"binary-expr","locations":[{"start":{"line":74,"column":82},"end":{"line":74,"column":87}},{"start":{"line":74,"column":91},"end":{"line":74,"column":96}}],"line":74},"10":{"loc":{"start":{"line":87,"column":12},"end":{"line":89,"column":13}},"type":"if","locations":[{"start":{"line":87,"column":12},"end":{"line":89,"column":13}},{"start":{},"end":{}}],"line":87},"11":{"loc":{"start":{"line":87,"column":16},"end":{"line":87,"column":68}},"type":"binary-expr","locations":[{"start":{"line":87,"column":16},"end":{"line":87,"column":34}},{"start":{"line":87,"column":38},"end":{"line":87,"column":68}}],"line":87},"12":{"loc":{"start":{"line":109,"column":12},"end":{"line":111,"column":13}},"type":"if","locations":[{"start":{"line":109,"column":12},"end":{"line":111,"column":13}},{"start":{},"end":{}}],"line":109},"13":{"loc":{"start":{"line":141,"column":8},"end":{"line":141,"column":75}},"type":"if","locations":[{"start":{"line":141,"column":8},"end":{"line":141,"column":75}},{"start":{},"end":{}}],"line":141},"14":{"loc":{"start":{"line":141,"column":12},"end":{"line":141,"column":66}},"type":"binary-expr","locations":[{"start":{"line":141,"column":12},"end":{"line":141,"column":17}},{"start":{"line":141,"column":21},"end":{"line":141,"column":38}},{"start":{"line":141,"column":42},"end":{"line":141,"column":66}}],"line":141},"15":{"loc":{"start":{"line":143,"column":8},"end":{"line":164,"column":9}},"type":"if","locations":[{"start":{"line":143,"column":8},"end":{"line":164,"column":9}},{"start":{"line":162,"column":15},"end":{"line":164,"column":9}}],"line":143},"16":{"loc":{"start":{"line":147,"column":12},"end":{"line":161,"column":13}},"type":"if","locations":[{"start":{"line":147,"column":12},"end":{"line":161,"column":13}},{"start":{},"end":{}}],"line":147},"17":{"loc":{"start":{"line":155,"column":20},"end":{"line":159,"column":21}},"type":"if","locations":[{"start":{"line":155,"column":20},"end":{"line":159,"column":21}},{"start":{"line":157,"column":27},"end":{"line":159,"column":21}}],"line":155},"18":{"loc":{"start":{"line":175,"column":4},"end":{"line":178,"column":5}},"type":"if","locations":[{"start":{"line":175,"column":4},"end":{"line":178,"column":5}},{"start":{},"end":{}}],"line":175},"19":{"loc":{"start":{"line":196,"column":12},"end":{"line":202,"column":13}},"type":"if","locations":[{"start":{"line":196,"column":12},"end":{"line":202,"column":13}},{"start":{},"end":{}}],"line":196},"20":{"loc":{"start":{"line":196,"column":16},"end":{"line":196,"column":61}},"type":"binary-expr","locations":[{"start":{"line":196,"column":16},"end":{"line":196,"column":32}},{"start":{"line":196,"column":36},"end":{"line":196,"column":61}}],"line":196},"21":{"loc":{"start":{"line":209,"column":4},"end":{"line":212,"column":5}},"type":"if","locations":[{"start":{"line":209,"column":4},"end":{"line":212,"column":5}},{"start":{},"end":{}}],"line":209}},"s":{"0":0,"1":0,"2":0,"3":0,"4":0,"5":0,"6":0,"7":0,"8":0,"9":0,"10":0,"11":0,"12":0,"13":0,"14":0,"15":0,"16":0,"17":0,"18":0,"19":0,"20":0,"21":0,"22":0,"23":0,"24":0,"25":0,"26":0,"27":0,"28":0,"29":0,"30":0,"31":0,"32":0,"33":0,"34":0,"35":0,"36":0,"37":0,"38":0,"39":0,"40":0,"41":0,"42":0,"43":0,"44":0,"45":0,"46":0,"47":0,"48":0,"49":0,"50":0,"51":0,"52":0,"53":0,"54":0,"55":0,"56":0,"57":0,"58":0,"59":0,"60":0,"61":0,"62":0,"63":0,"64":0,"65":0,"66":0,"67":0,"68":0,"69":0,"70":0,"71":0,"72":0,"73":0,"74":0,"75":0,"76":0,"77":0,"78":0,"79":0,"80":0,"81":0,"82":0,"83":0,"84":0,"85":0,"86":0,"87":0,"88":0,"89":0,"90":0,"91":0,"92":0,"93":0,"94":0,"95":0,"96":0,"97":0,"98":0,"99":0,"100":0,"101":0,"102":0,"103":0,"104":0,"105":0,"106":0,"107":0},"f":{"0":0,"1":0,"2":0,"3":0,"4":0,"5":0,"6":0,"7":0,"8":0,"9":0,"10":0,"11":0,"12":0,"13":0,"14":0,"15":0,"16":0,"17":0},"b":{"0":[0,0],"1":[0,0],"2":[0,0],"3":[0,0],"4":[0,0],"5":[0,0],"6":[0,0],"7":[0,0],"8":[0,0],"9":[0,0],"10":[0,0],"11":[0,0],"12":[0,0],"13":[0,0],"14":[0,0,0],"15":[0,0],"16":[0,0],"17":[0,0],"18":[0,0],"19":[0,0],"20":[0,0],"21":[0,0]}}
,"C:\\Users\\AndreaFiorucci\\Documents\\Progetti\\Fjordo\\party-song-guess\\app\\server\\services\\aiService.js": {"path":"C:\\Users\\AndreaFiorucci\\Documents\\Progetti\\Fjordo\\party-song-guess\\app\\server\\services\\aiService.js","statementMap":{"0":{"start":{"line":1,"column":31},"end":{"line":1,"column":63}},"1":{"start":{"line":4,"column":14},"end":{"line":4,"column":64}},"2":{"start":{"line":8,"column":22},"end":{"line":8,"column":44}},"3":{"start":{"line":10,"column":18},"end":{"line":16,"column":6}},"4":{"start":{"line":18,"column":19},"end":{"line":25,"column":67}},"5":{"start":{"line":27,"column":4},"end":{"line":34,"column":5}},"6":{"start":{"line":28,"column":23},"end":{"line":28,"column":58}},"7":{"start":{"line":29,"column":25},"end":{"line":29,"column":40}},"8":{"start":{"line":30,"column":8},"end":{"line":30,"column":43}},"9":{"start":{"line":32,"column":8},"end":{"line":32,"column":46}},"10":{"start":{"line":33,"column":8},"end":{"line":33,"column":18}},"11":{"start":{"line":37,"column":0},"end":{"line":37,"column":39}}},"fnMap":{"0":{"name":"getSongListFromAI","decl":{"start":{"line":6,"column":15},"end":{"line":6,"column":32}},"loc":{"start":{"line":6,"column":82},"end":{"line":35,"column":1}},"line":6}},"branchMap":{"0":{"loc":{"start":{"line":20,"column":26},"end":{"line":20,"column":47}},"type":"binary-expr","locations":[{"start":{"line":20,"column":26},"end":{"line":20,"column":32}},{"start":{"line":20,"column":36},"end":{"line":20,"column":47}}],"line":20},"1":{"loc":{"start":{"line":21,"column":16},"end":{"line":21,"column":39}},"type":"binary-expr","locations":[{"start":{"line":21,"column":16},"end":{"line":21,"column":24}},{"start":{"line":21,"column":28},"end":{"line":21,"column":39}}],"line":21},"2":{"loc":{"start":{"line":22,"column":40},"end":{"line":22,"column":177}},"type":"cond-expr","locations":[{"start":{"line":22,"column":64},"end":{"line":22,"column":132}},{"start":{"line":22,"column":135},"end":{"line":22,"column":177}}],"line":22}},"s":{"0":2,"1":2,"2":16,"3":16,"4":16,"5":16,"6":16,"7":14,"8":14,"9":3,"10":3,"11":2},"f":{"0":16},"b":{"0":[16,1],"1":[16,3],"2":[3,13]},"_coverageSchema":"1a1c01bbd47fc00a2c39e90264f33305004495a9","hash":"a60aa862eb5cb99fe53e7f895749fbe8e34edc43"}
,"C:\\Users\\AndreaFiorucci\\Documents\\Progetti\\Fjordo\\party-song-guess\\app\\server\\services\\musicService.js": {"path":"C:\\Users\\AndreaFiorucci\\Documents\\Progetti\\Fjordo\\party-song-guess\\app\\server\\services\\musicService.js","statementMap":{"0":{"start":{"line":1,"column":14},"end":{"line":1,"column":30}},"1":{"start":{"line":2,"column":27},"end":{"line":2,"column":64}},"2":{"start":{"line":6,"column":4},"end":{"line":47,"column":5}},"3":{"start":{"line":7,"column":25},"end":{"line":14,"column":10}},"4":{"start":{"line":16,"column":22},"end":{"line":16,"column":43}},"5":{"start":{"line":17,"column":8},"end":{"line":17,"column":56}},"6":{"start":{"line":17,"column":46},"end":{"line":17,"column":56}},"7":{"start":{"line":19,"column":8},"end":{"line":27,"column":9}},"8":{"start":{"line":20,"column":12},"end":{"line":23,"column":15}},"9":{"start":{"line":21,"column":29},"end":{"line":21,"column":108}},"10":{"start":{"line":22,"column":16},"end":{"line":22,"column":57}},"11":{"start":{"line":24,"column":12},"end":{"line":26,"column":13}},"12":{"start":{"line":25,"column":16},"end":{"line":25,"column":48}},"13":{"start":{"line":30,"column":8},"end":{"line":36,"column":9}},"14":{"start":{"line":31,"column":28},"end":{"line":31,"column":49}},"15":{"start":{"line":32,"column":12},"end":{"line":32,"column":79}},"16":{"start":{"line":32,"column":42},"end":{"line":32,"column":61}},"17":{"start":{"line":34,"column":29},"end":{"line":34,"column":68}},"18":{"start":{"line":34,"column":48},"end":{"line":34,"column":67}},"19":{"start":{"line":35,"column":12},"end":{"line":35,"column":48}},"20":{"start":{"line":38,"column":8},"end":{"line":43,"column":12}},"21":{"start":{"line":38,"column":37},"end":{"line":43,"column":9}},"22":{"start":{"line":45,"column":8},"end":{"line":45,"column":62}},"23":{"start":{"line":46,"column":8},"end":{"line":46,"column":18}},"24":{"start":{"line":53,"column":4},"end":{"line":89,"column":5}},"25":{"start":{"line":56,"column":25},"end":{"line":56,"column":76}},"26":{"start":{"line":59,"column":8},"end":{"line":59,"column":69}},"27":{"start":{"line":61,"column":25},"end":{"line":69,"column":10}},"28":{"start":{"line":71,"column":8},"end":{"line":83,"column":9}},"29":{"start":{"line":72,"column":26},"end":{"line":72,"column":50}},"30":{"start":{"line":75,"column":12},"end":{"line":75,"column":47}},"31":{"start":{"line":75,"column":35},"end":{"line":75,"column":47}},"32":{"start":{"line":77,"column":12},"end":{"line":82,"column":14}},"33":{"start":{"line":84,"column":8},"end":{"line":84,"column":20}},"34":{"start":{"line":88,"column":8},"end":{"line":88,"column":20}},"35":{"start":{"line":94,"column":0},"end":{"line":97,"column":2}}},"fnMap":{"0":{"name":"getRandomSongs","decl":{"start":{"line":5,"column":15},"end":{"line":5,"column":29}},"loc":{"start":{"line":5,"column":95},"end":{"line":48,"column":1}},"line":5},"1":{"name":"(anonymous_1)","decl":{"start":{"line":20,"column":37},"end":{"line":20,"column":38}},"loc":{"start":{"line":20,"column":45},"end":{"line":23,"column":13}},"line":20},"2":{"name":"(anonymous_2)","decl":{"start":{"line":32,"column":36},"end":{"line":32,"column":37}},"loc":{"start":{"line":32,"column":42},"end":{"line":32,"column":61}},"line":32},"3":{"name":"(anonymous_3)","decl":{"start":{"line":34,"column":42},"end":{"line":34,"column":43}},"loc":{"start":{"line":34,"column":48},"end":{"line":34,"column":67}},"line":34},"4":{"name":"(anonymous_4)","decl":{"start":{"line":38,"column":28},"end":{"line":38,"column":29}},"loc":{"start":{"line":38,"column":37},"end":{"line":43,"column":9}},"line":38},"5":{"name":"searchAndGetPreview","decl":{"start":{"line":52,"column":15},"end":{"line":52,"column":34}},"loc":{"start":{"line":52,"column":64},"end":{"line":90,"column":1}},"line":52}},"branchMap":{"0":{"loc":{"start":{"line":5,"column":30},"end":{"line":5,"column":43}},"type":"default-arg","locations":[{"start":{"line":5,"column":38},"end":{"line":5,"column":43}}],"line":5},"1":{"loc":{"start":{"line":5,"column":45},"end":{"line":5,"column":55}},"type":"default-arg","locations":[{"start":{"line":5,"column":53},"end":{"line":5,"column":55}}],"line":5},"2":{"loc":{"start":{"line":5,"column":57},"end":{"line":5,"column":72}},"type":"default-arg","locations":[{"start":{"line":5,"column":68},"end":{"line":5,"column":72}}],"line":5},"3":{"loc":{"start":{"line":5,"column":74},"end":{"line":5,"column":93}},"type":"default-arg","locations":[{"start":{"line":5,"column":87},"end":{"line":5,"column":93}}],"line":5},"4":{"loc":{"start":{"line":17,"column":8},"end":{"line":17,"column":56}},"type":"if","locations":[{"start":{"line":17,"column":8},"end":{"line":17,"column":56}},{"start":{},"end":{}}],"line":17},"5":{"loc":{"start":{"line":17,"column":12},"end":{"line":17,"column":44}},"type":"binary-expr","locations":[{"start":{"line":17,"column":12},"end":{"line":17,"column":20}},{"start":{"line":17,"column":24},"end":{"line":17,"column":44}}],"line":17},"6":{"loc":{"start":{"line":19,"column":8},"end":{"line":27,"column":9}},"type":"if","locations":[{"start":{"line":19,"column":8},"end":{"line":27,"column":9}},{"start":{},"end":{}}],"line":19},"7":{"loc":{"start":{"line":21,"column":32},"end":{"line":21,"column":52}},"type":"binary-expr","locations":[{"start":{"line":21,"column":32},"end":{"line":21,"column":46}},{"start":{"line":21,"column":50},"end":{"line":21,"column":52}}],"line":21},"8":{"loc":{"start":{"line":21,"column":56},"end":{"line":21,"column":77}},"type":"binary-expr","locations":[{"start":{"line":21,"column":56},"end":{"line":21,"column":71}},{"start":{"line":21,"column":75},"end":{"line":21,"column":77}}],"line":21},"9":{"loc":{"start":{"line":21,"column":81},"end":{"line":21,"column":106}},"type":"binary-expr","locations":[{"start":{"line":21,"column":81},"end":{"line":21,"column":100}},{"start":{"line":21,"column":104},"end":{"line":21,"column":106}}],"line":21},"10":{"loc":{"start":{"line":24,"column":12},"end":{"line":26,"column":13}},"type":"if","locations":[{"start":{"line":24,"column":12},"end":{"line":26,"column":13}},{"start":{},"end":{}}],"line":24},"11":{"loc":{"start":{"line":30,"column":8},"end":{"line":36,"column":9}},"type":"if","locations":[{"start":{"line":30,"column":8},"end":{"line":36,"column":9}},{"start":{"line":33,"column":15},"end":{"line":36,"column":9}}],"line":30},"12":{"loc":{"start":{"line":52,"column":50},"end":{"line":52,"column":62}},"type":"default-arg","locations":[{"start":{"line":52,"column":58},"end":{"line":52,"column":62}}],"line":52},"13":{"loc":{"start":{"line":56,"column":25},"end":{"line":56,"column":76}},"type":"cond-expr","locations":[{"start":{"line":56,"column":33},"end":{"line":56,"column":60}},{"start":{"line":56,"column":63},"end":{"line":56,"column":76}}],"line":56},"14":{"loc":{"start":{"line":71,"column":8},"end":{"line":83,"column":9}},"type":"if","locations":[{"start":{"line":71,"column":8},"end":{"line":83,"column":9}},{"start":{},"end":{}}],"line":71},"15":{"loc":{"start":{"line":71,"column":12},"end":{"line":71,"column":69}},"type":"binary-expr","locations":[{"start":{"line":71,"column":12},"end":{"line":71,"column":33}},{"start":{"line":71,"column":37},"end":{"line":71,"column":69}}],"line":71},"16":{"loc":{"start":{"line":75,"column":12},"end":{"line":75,"column":47}},"type":"if","locations":[{"start":{"line":75,"column":12},"end":{"line":75,"column":47}},{"start":{},"end":{}}],"line":75}},"s":{"0":3,"1":3,"2":7,"3":7,"4":6,"5":6,"6":1,"7":5,"8":1,"9":3,"10":3,"11":1,"12":0,"13":5,"14":1,"15":1,"16":505,"17":4,"18":7,"19":4,"20":5,"21":16,"22":1,"23":1,"24":16,"25":16,"26":16,"27":16,"28":14,"29":13,"30":13,"31":4,"32":9,"33":1,"34":2,"35":3},"f":{"0":7,"1":3,"2":505,"3":7,"4":16,"5":16},"b":{"0":[0],"1":[0],"2":[2],"3":[2],"4":[1,5],"5":[6,6],"6":[1,4],"7":[3,0],"8":[3,0],"9":[3,3],"10":[0,1],"11":[1,4],"12":[1],"13":[15,1],"14":[13,1],"15":[14,14],"16":[4,9]},"_coverageSchema":"1a1c01bbd47fc00a2c39e90264f33305004495a9","hash":"1686390d31641e0cc19f93ac690c760f23371a8e"}
}
