TN:
SF:index.js
FN:26,(anonymous_0)
FN:29,(anonymous_1)
FN:49,(anonymous_2)
FN:61,(anonymous_3)
FN:93,(anonymous_4)
FN:101,(anonymous_5)
FN:104,(anonymous_6)
FN:125,(anonymous_7)
FN:139,(anonymous_8)
FN:146,(anonymous_9)
FN:154,(anonymous_10)
FN:167,(anonymous_11)
FN:173,startRound
FN:183,(anonymous_13)
FN:195,(anonymous_14)
FN:199,(anonymous_15)
FN:208,endGame
FN:217,(anonymous_17)
FNF:18
FNH:0
FNDA:0,(anonymous_0)
FNDA:0,(anonymous_1)
FNDA:0,(anonymous_2)
FNDA:0,(anonymous_3)
FNDA:0,(anonymous_4)
FNDA:0,(anonymous_5)
FNDA:0,(anonymous_6)
FNDA:0,(anonymous_7)
FNDA:0,(anonymous_8)
FNDA:0,(anonymous_9)
FNDA:0,(anonymous_10)
FNDA:0,(anonymous_11)
FNDA:0,startRound
FNDA:0,(anonymous_13)
FNDA:0,(anonymous_14)
FNDA:0,(anonymous_15)
FNDA:0,endGame
FNDA:0,(anonymous_17)
DA:1,0
DA:2,0
DA:3,0
DA:4,0
DA:5,0
DA:6,0
DA:7,0
DA:8,0
DA:10,0
DA:11,0
DA:13,0
DA:14,0
DA:21,0
DA:24,0
DA:26,0
DA:27,0
DA:29,0
DA:30,0
DA:33,0
DA:35,0
DA:44,0
DA:45,0
DA:46,0
DA:49,0
DA:50,0
DA:51,0
DA:52,0
DA:53,0
DA:54,0
DA:55,0
DA:57,0
DA:61,0
DA:62,0
DA:63,0
DA:66,0
DA:67,0
DA:69,0
DA:70,0
DA:72,0
DA:74,0
DA:76,0
DA:79,0
DA:87,0
DA:88,0
DA:93,0
DA:94,0
DA:97,0
DA:101,0
DA:104,0
DA:107,0
DA:109,0
DA:110,0
DA:114,0
DA:115,0
DA:116,0
DA:117,0
DA:119,0
DA:122,0
DA:125,0
DA:128,0
DA:130,0
DA:131,0
DA:139,0
DA:140,0
DA:141,0
DA:143,0
DA:144,0
DA:146,0
DA:147,0
DA:148,0
DA:149,0
DA:150,0
DA:154,0
DA:155,0
DA:156,0
DA:158,0
DA:163,0
DA:167,0
DA:168,0
DA:174,0
DA:175,0
DA:176,0
DA:177,0
DA:181,0
DA:183,0
DA:184,0
DA:185,0
DA:186,0
DA:187,0
DA:189,0
DA:195,0
DA:196,0
DA:197,0
DA:198,0
DA:199,0
DA:200,0
DA:209,0
DA:210,0
DA:211,0
DA:217,0
DA:218,0
LF:101
LH:0
BRDA:21,0,0,0
BRDA:21,0,1,0
BRDA:50,1,0,0
BRDA:50,1,1,0
BRDA:50,2,0,0
BRDA:50,2,1,0
BRDA:63,3,0,0
BRDA:63,3,1,0
BRDA:63,4,0,0
BRDA:63,4,1,0
BRDA:66,5,0,0
BRDA:66,5,1,0
BRDA:67,6,0,0
BRDA:67,6,1,0
BRDA:74,7,0,0
BRDA:74,7,1,0
BRDA:74,8,0,0
BRDA:74,8,1,0
BRDA:74,9,0,0
BRDA:74,9,1,0
BRDA:87,10,0,0
BRDA:87,10,1,0
BRDA:87,11,0,0
BRDA:87,11,1,0
BRDA:109,12,0,0
BRDA:109,12,1,0
BRDA:141,13,0,0
BRDA:141,13,1,0
BRDA:141,14,0,0
BRDA:141,14,1,0
BRDA:141,14,2,0
BRDA:143,15,0,0
BRDA:143,15,1,0
BRDA:147,16,0,0
BRDA:147,16,1,0
BRDA:155,17,0,0
BRDA:155,17,1,0
BRDA:175,18,0,0
BRDA:175,18,1,0
BRDA:196,19,0,0
BRDA:196,19,1,0
BRDA:196,20,0,0
BRDA:196,20,1,0
BRDA:209,21,0,0
BRDA:209,21,1,0
BRF:45
BRH:0
end_of_record
TN:
SF:services\aiService.js
FN:6,getSongListFromAI
FNF:1
FNH:1
FNDA:16,getSongListFromAI
DA:1,2
DA:4,2
DA:8,16
DA:10,16
DA:18,16
DA:27,16
DA:28,16
DA:29,14
DA:30,14
DA:32,3
DA:33,3
DA:37,2
LF:12
LH:12
BRDA:20,0,0,16
BRDA:20,0,1,1
BRDA:21,1,0,16
BRDA:21,1,1,3
BRDA:22,2,0,3
BRDA:22,2,1,13
BRF:6
BRH:6
end_of_record
TN:
SF:services\musicService.js
FN:5,getRandomSongs
FN:20,(anonymous_1)
FN:32,(anonymous_2)
FN:34,(anonymous_3)
FN:38,(anonymous_4)
FN:52,searchAndGetPreview
FNF:6
FNH:6
FNDA:7,getRandomSongs
FNDA:3,(anonymous_1)
FNDA:505,(anonymous_2)
FNDA:7,(anonymous_3)
FNDA:16,(anonymous_4)
FNDA:16,searchAndGetPreview
DA:1,3
DA:2,3
DA:6,7
DA:7,7
DA:16,6
DA:17,6
DA:19,5
DA:20,1
DA:21,3
DA:22,3
DA:24,1
DA:25,0
DA:30,5
DA:31,1
DA:32,505
DA:34,7
DA:35,4
DA:38,16
DA:45,1
DA:46,1
DA:53,16
DA:56,16
DA:59,16
DA:61,16
DA:71,14
DA:72,13
DA:75,13
DA:77,9
DA:84,1
DA:88,2
DA:94,3
LF:31
LH:30
BRDA:5,0,0,0
BRDA:5,1,0,0
BRDA:5,2,0,2
BRDA:5,3,0,2
BRDA:17,4,0,1
BRDA:17,4,1,5
BRDA:17,5,0,6
BRDA:17,5,1,6
BRDA:19,6,0,1
BRDA:19,6,1,4
BRDA:21,7,0,3
BRDA:21,7,1,0
BRDA:21,8,0,3
BRDA:21,8,1,0
BRDA:21,9,0,3
BRDA:21,9,1,3
BRDA:24,10,0,0
BRDA:24,10,1,1
BRDA:30,11,0,1
BRDA:30,11,1,4
BRDA:52,12,0,1
BRDA:56,13,0,15
BRDA:56,13,1,1
BRDA:71,14,0,13
BRDA:71,14,1,1
BRDA:71,15,0,14
BRDA:71,15,1,14
BRDA:75,16,0,4
BRDA:75,16,1,9
BRF:29
BRH:24
end_of_record
